<?xml version="1.0" encoding="UTF-8"?>
<!-- Generated by org.testng.reporters.JUnitReportReporter -->
<testsuite hostname="Leilas" failures="0" tests="2" name="com.automation.TestNG.day1.Annotations_TestNG" time="0.037" errors="0" timestamp="07 Nov 2023 20:24:58 GMT" skipped="0">
  <testcase classname="com.automation.TestNG.day1.Annotations_TestNG" name="testcase2" time="0.021"/>
  <testcase classname="com.automation.TestNG.day1.Annotations_TestNG" name="testcase1" time="0.016"/>
</testsuite> <!-- com.automation.TestNG.day1.Annotations_TestNG -->
